2015-10-06 05:14:17,664 - [INFO] - from play in pool-4-thread-6 
Listening for HTTP on /0:0:0:0:0:0:0:0:9000

2015-10-06 05:15:03,678 - [ERROR] - from application in New I/O worker #1 


! @6nki1do75 - Internal server error, for (GET) [/setEncryptKeymurmurnataly1994] ->

play.PlayExceptions$CompilationException: Compilation error[object response is not a case class, nor does it have an unapply/unapplySeq member]
	at play.PlayExceptions$CompilationException$.apply(PlayExceptions.scala:27) ~[na:na]
	at play.PlayExceptions$CompilationException$.apply(PlayExceptions.scala:27) ~[na:na]
	at scala.Option.map(Option.scala:145) ~[scala-library-2.11.1.jar:na]
	at play.PlayReloader$$anon$1$$anonfun$play$PlayReloader$$anon$$taskFailureHandler$1.apply(PlayReloader.scala:297) ~[na:na]
	at play.PlayReloader$$anon$1$$anonfun$play$PlayReloader$$anon$$taskFailureHandler$1.apply(PlayReloader.scala:292) ~[na:na]
	at scala.Option.map(Option.scala:145) ~[scala-library-2.11.1.jar:na]
	at play.PlayReloader$$anon$1.play$PlayReloader$$anon$$taskFailureHandler(PlayReloader.scala:292) ~[na:na]
	at play.PlayReloader$$anon$1$$anonfun$reload$2.apply(PlayReloader.scala:325) ~[na:na]
	at play.PlayReloader$$anon$1$$anonfun$reload$2.apply(PlayReloader.scala:325) ~[na:na]
	at scala.util.Either$LeftProjection.map(Either.scala:377) ~[scala-library-2.11.1.jar:na]
	at play.PlayReloader$$anon$1.reload(PlayReloader.scala:325) ~[na:na]
	at play.core.ReloadableApplication$$anonfun$get$1.apply(ApplicationProvider.scala:107) ~[play_2.11-2.3.0.jar:2.3.0]
	at play.core.ReloadableApplication$$anonfun$get$1.apply(ApplicationProvider.scala:105) ~[play_2.11-2.3.0.jar:2.3.0]
	at scala.concurrent.impl.Future$PromiseCompletingRunnable.liftedTree1$1(Future.scala:24) ~[scala-library-2.11.1.jar:na]
	at scala.concurrent.impl.Future$PromiseCompletingRunnable.run(Future.scala:24) ~[scala-library-2.11.1.jar:na]
	at scala.concurrent.forkjoin.ForkJoinTask$AdaptedRunnableAction.exec(ForkJoinTask.java:1361) ~[scala-library-2.11.1.jar:na]
	at scala.concurrent.forkjoin.ForkJoinTask.doExec(ForkJoinTask.java:260) ~[scala-library-2.11.1.jar:na]
	at scala.concurrent.forkjoin.ForkJoinPool$WorkQueue.runTask(ForkJoinPool.java:1339) ~[scala-library-2.11.1.jar:na]
	at scala.concurrent.forkjoin.ForkJoinPool.runWorker(ForkJoinPool.java:1979) ~[scala-library-2.11.1.jar:na]
	at scala.concurrent.forkjoin.ForkJoinWorkerThread.run(ForkJoinWorkerThread.java:107) ~[scala-library-2.11.1.jar:na]

2015-10-06 05:15:03,779 - [WARN] - from play in New I/O worker #1 
No application found at invoker init

2015-10-06 05:15:13,795 - [ERROR] - from application in New I/O worker #1 


! @6nki1ed6h - Internal server error, for (GET) [/setEncryptKeymurmurnataly1994] ->

play.PlayExceptions$CompilationException: Compilation error[object response is not a case class, nor does it have an unapply/unapplySeq member]
	at play.PlayExceptions$CompilationException$.apply(PlayExceptions.scala:27) ~[na:na]
	at play.PlayExceptions$CompilationException$.apply(PlayExceptions.scala:27) ~[na:na]
	at scala.Option.map(Option.scala:145) ~[scala-library-2.11.1.jar:na]
	at play.PlayReloader$$anon$1$$anonfun$play$PlayReloader$$anon$$taskFailureHandler$1.apply(PlayReloader.scala:297) ~[na:na]
	at play.PlayReloader$$anon$1$$anonfun$play$PlayReloader$$anon$$taskFailureHandler$1.apply(PlayReloader.scala:292) ~[na:na]
	at scala.Option.map(Option.scala:145) ~[scala-library-2.11.1.jar:na]
	at play.PlayReloader$$anon$1.play$PlayReloader$$anon$$taskFailureHandler(PlayReloader.scala:292) ~[na:na]
	at play.PlayReloader$$anon$1$$anonfun$reload$2.apply(PlayReloader.scala:325) ~[na:na]
	at play.PlayReloader$$anon$1$$anonfun$reload$2.apply(PlayReloader.scala:325) ~[na:na]
	at scala.util.Either$LeftProjection.map(Either.scala:377) ~[scala-library-2.11.1.jar:na]
	at play.PlayReloader$$anon$1.reload(PlayReloader.scala:325) ~[na:na]
	at play.core.ReloadableApplication$$anonfun$get$1.apply(ApplicationProvider.scala:107) ~[play_2.11-2.3.0.jar:2.3.0]
	at play.core.ReloadableApplication$$anonfun$get$1.apply(ApplicationProvider.scala:105) ~[play_2.11-2.3.0.jar:2.3.0]
	at scala.concurrent.impl.Future$PromiseCompletingRunnable.liftedTree1$1(Future.scala:24) ~[scala-library-2.11.1.jar:na]
	at scala.concurrent.impl.Future$PromiseCompletingRunnable.run(Future.scala:24) ~[scala-library-2.11.1.jar:na]
	at scala.concurrent.forkjoin.ForkJoinTask$AdaptedRunnableAction.exec(ForkJoinTask.java:1361) ~[scala-library-2.11.1.jar:na]
	at scala.concurrent.forkjoin.ForkJoinTask.doExec(ForkJoinTask.java:260) ~[scala-library-2.11.1.jar:na]
	at scala.concurrent.forkjoin.ForkJoinPool$WorkQueue.runTask(ForkJoinPool.java:1339) ~[scala-library-2.11.1.jar:na]
	at scala.concurrent.forkjoin.ForkJoinPool.runWorker(ForkJoinPool.java:1979) ~[scala-library-2.11.1.jar:na]
	at scala.concurrent.forkjoin.ForkJoinWorkerThread.run(ForkJoinWorkerThread.java:107) ~[scala-library-2.11.1.jar:na]

2015-10-06 05:15:27,498 - [ERROR] - from application in New I/O worker #1 


! @6nki1f7dj - Internal server error, for (GET) [/setEncryptKeymurmurnataly1994] ->

play.PlayExceptions$CompilationException: Compilation error[class RoomActor needs to be abstract, since variable transferEvent is not defined
(Note that variables need to be initialized to be defined)]
	at play.PlayExceptions$CompilationException$.apply(PlayExceptions.scala:27) ~[na:na]
	at play.PlayExceptions$CompilationException$.apply(PlayExceptions.scala:27) ~[na:na]
	at scala.Option.map(Option.scala:145) ~[scala-library-2.11.1.jar:na]
	at play.PlayReloader$$anon$1$$anonfun$play$PlayReloader$$anon$$taskFailureHandler$1.apply(PlayReloader.scala:297) ~[na:na]
	at play.PlayReloader$$anon$1$$anonfun$play$PlayReloader$$anon$$taskFailureHandler$1.apply(PlayReloader.scala:292) ~[na:na]
	at scala.Option.map(Option.scala:145) ~[scala-library-2.11.1.jar:na]
	at play.PlayReloader$$anon$1.play$PlayReloader$$anon$$taskFailureHandler(PlayReloader.scala:292) ~[na:na]
	at play.PlayReloader$$anon$1$$anonfun$reload$2.apply(PlayReloader.scala:325) ~[na:na]
	at play.PlayReloader$$anon$1$$anonfun$reload$2.apply(PlayReloader.scala:325) ~[na:na]
	at scala.util.Either$LeftProjection.map(Either.scala:377) ~[scala-library-2.11.1.jar:na]
	at play.PlayReloader$$anon$1.reload(PlayReloader.scala:325) ~[na:na]
	at play.core.ReloadableApplication$$anonfun$get$1.apply(ApplicationProvider.scala:107) ~[play_2.11-2.3.0.jar:2.3.0]
	at play.core.ReloadableApplication$$anonfun$get$1.apply(ApplicationProvider.scala:105) ~[play_2.11-2.3.0.jar:2.3.0]
	at scala.concurrent.impl.Future$PromiseCompletingRunnable.liftedTree1$1(Future.scala:24) ~[scala-library-2.11.1.jar:na]
	at scala.concurrent.impl.Future$PromiseCompletingRunnable.run(Future.scala:24) ~[scala-library-2.11.1.jar:na]
	at scala.concurrent.forkjoin.ForkJoinTask$AdaptedRunnableAction.exec(ForkJoinTask.java:1361) ~[scala-library-2.11.1.jar:na]
	at scala.concurrent.forkjoin.ForkJoinTask.doExec(ForkJoinTask.java:260) ~[scala-library-2.11.1.jar:na]
	at scala.concurrent.forkjoin.ForkJoinPool$WorkQueue.runTask(ForkJoinPool.java:1339) ~[scala-library-2.11.1.jar:na]
	at scala.concurrent.forkjoin.ForkJoinPool.runWorker(ForkJoinPool.java:1979) ~[scala-library-2.11.1.jar:na]
	at scala.concurrent.forkjoin.ForkJoinWorkerThread.run(ForkJoinWorkerThread.java:107) ~[scala-library-2.11.1.jar:na]

2015-10-06 05:16:55,278 - [INFO] - from play in play-internal-execution-context-1 
Application started (Dev)

2015-10-06 05:17:06,050 - [INFO] - from play in New I/O worker #1 
Starting application default Akka system.

2015-10-06 05:17:31,799 - [DEBUG] - from application in play-akka.actor.default-dispatcher-7 
Unforseen error for js/ie10-viewport-bug-workaround.js at /public
java.lang.RuntimeException: no resource
	at controllers.Assets$$anonfun$controllers$Assets$$assetInfoFromResource$1$$anonfun$10.apply(Assets.scala:214) ~[play_2.11-2.3.0.jar:2.3.0]
	at controllers.Assets$$anonfun$controllers$Assets$$assetInfoFromResource$1$$anonfun$10.apply(Assets.scala:214) ~[play_2.11-2.3.0.jar:2.3.0]
	at scala.Option.getOrElse(Option.scala:120) [scala-library-2.11.1.jar:na]
	at controllers.Assets$$anonfun$controllers$Assets$$assetInfoFromResource$1.apply(Assets.scala:214) ~[play_2.11-2.3.0.jar:2.3.0]
	at controllers.Assets$$anonfun$controllers$Assets$$assetInfoFromResource$1.apply(Assets.scala:213) ~[play_2.11-2.3.0.jar:2.3.0]
	at akka.dispatch.MonitorableThreadFactory$AkkaForkJoinWorkerThread$$anon$3.block(ThreadPoolBuilder.scala:169) ~[akka-actor_2.11-2.3.3.jar:na]
	at scala.concurrent.forkjoin.ForkJoinPool.managedBlock(ForkJoinPool.java:3640) [scala-library-2.11.1.jar:na]
	at akka.dispatch.MonitorableThreadFactory$AkkaForkJoinWorkerThread.blockOn(ThreadPoolBuilder.scala:167) ~[akka-actor_2.11-2.3.3.jar:na]
	at scala.concurrent.package$.blocking(package.scala:54) ~[scala-library-2.11.1.jar:na]
	at controllers.Assets$.controllers$Assets$$assetInfoFromResource(Assets.scala:213) ~[play_2.11-2.3.0.jar:2.3.0]
	at controllers.Assets$.assetInfo(Assets.scala:222) ~[play_2.11-2.3.0.jar:2.3.0]
	at controllers.Assets$.assetInfoForRequest(Assets.scala:230) ~[play_2.11-2.3.0.jar:2.3.0]
	at controllers.AssetsBuilder$$anonfun$at$1$$anonfun$15.apply(Assets.scala:352) ~[play_2.11-2.3.0.jar:2.3.0]
	at controllers.AssetsBuilder$$anonfun$at$1$$anonfun$15.apply(Assets.scala:351) ~[play_2.11-2.3.0.jar:2.3.0]
	at scala.concurrent.Future$$anonfun$flatMap$1.apply(Future.scala:251) ~[scala-library-2.11.1.jar:na]
	at scala.concurrent.Future$$anonfun$flatMap$1.apply(Future.scala:249) ~[scala-library-2.11.1.jar:na]
	at scala.concurrent.impl.CallbackRunnable.run(Promise.scala:32) ~[scala-library-2.11.1.jar:na]
	at play.api.libs.iteratee.Execution$trampoline$.execute(Execution.scala:46) ~[play-iteratees_2.11-2.3.0.jar:2.3.0]
	at scala.concurrent.impl.CallbackRunnable.executeWithValue(Promise.scala:40) ~[scala-library-2.11.1.jar:na]
	at scala.concurrent.impl.Promise$DefaultPromise.scala$concurrent$impl$Promise$DefaultPromise$$dispatchOrAddCallback(Promise.scala:280) ~[scala-library-2.11.1.jar:na]
	at scala.concurrent.impl.Promise$DefaultPromise.onComplete(Promise.scala:270) ~[scala-library-2.11.1.jar:na]
	at scala.concurrent.Future$class.flatMap(Future.scala:249) ~[scala-library-2.11.1.jar:na]
	at scala.concurrent.impl.Promise$DefaultPromise.flatMap(Promise.scala:153) ~[scala-library-2.11.1.jar:na]
	at controllers.AssetsBuilder$$anonfun$at$1.apply(Assets.scala:351) [play_2.11-2.3.0.jar:2.3.0]
	at controllers.AssetsBuilder$$anonfun$at$1.apply(Assets.scala:347) [play_2.11-2.3.0.jar:2.3.0]
	at play.api.mvc.Action$.invokeBlock(Action.scala:556) [play_2.11-2.3.0.jar:2.3.0]
	at play.api.mvc.Action$.invokeBlock(Action.scala:555) [play_2.11-2.3.0.jar:2.3.0]
	at play.api.mvc.ActionBuilder$$anon$1.apply(Action.scala:518) [play_2.11-2.3.0.jar:2.3.0]
	at play.api.mvc.Action$$anonfun$apply$1$$anonfun$apply$4$$anonfun$apply$5.apply(Action.scala:130) [play_2.11-2.3.0.jar:2.3.0]
	at play.api.mvc.Action$$anonfun$apply$1$$anonfun$apply$4$$anonfun$apply$5.apply(Action.scala:130) [play_2.11-2.3.0.jar:2.3.0]
	at play.utils.Threads$.withContextClassLoader(Threads.scala:21) [play_2.11-2.3.0.jar:2.3.0]
	at play.api.mvc.Action$$anonfun$apply$1$$anonfun$apply$4.apply(Action.scala:129) [play_2.11-2.3.0.jar:2.3.0]
	at play.api.mvc.Action$$anonfun$apply$1$$anonfun$apply$4.apply(Action.scala:128) [play_2.11-2.3.0.jar:2.3.0]
	at scala.Option.map(Option.scala:145) [scala-library-2.11.1.jar:na]
	at play.api.mvc.Action$$anonfun$apply$1.apply(Action.scala:128) [play_2.11-2.3.0.jar:2.3.0]
	at play.api.mvc.Action$$anonfun$apply$1.apply(Action.scala:121) [play_2.11-2.3.0.jar:2.3.0]
	at play.api.libs.iteratee.DoneIteratee$$anonfun$mapM$2.apply(Iteratee.scala:705) [play-iteratees_2.11-2.3.0.jar:2.3.0]
	at play.api.libs.iteratee.DoneIteratee$$anonfun$mapM$2.apply(Iteratee.scala:705) [play-iteratees_2.11-2.3.0.jar:2.3.0]
	at scala.concurrent.impl.Future$PromiseCompletingRunnable.liftedTree1$1(Future.scala:24) [scala-library-2.11.1.jar:na]
	at scala.concurrent.impl.Future$PromiseCompletingRunnable.run(Future.scala:24) [scala-library-2.11.1.jar:na]
	at akka.dispatch.TaskInvocation.run(AbstractDispatcher.scala:41) [akka-actor_2.11-2.3.3.jar:na]
	at akka.dispatch.ForkJoinExecutorConfigurator$AkkaForkJoinTask.exec(AbstractDispatcher.scala:393) [akka-actor_2.11-2.3.3.jar:na]
	at scala.concurrent.forkjoin.ForkJoinTask.doExec(ForkJoinTask.java:260) [scala-library-2.11.1.jar:na]
	at scala.concurrent.forkjoin.ForkJoinPool$WorkQueue.runTask(ForkJoinPool.java:1339) [scala-library-2.11.1.jar:na]
	at scala.concurrent.forkjoin.ForkJoinPool.runWorker(ForkJoinPool.java:1979) [scala-library-2.11.1.jar:na]
	at scala.concurrent.forkjoin.ForkJoinWorkerThread.run(ForkJoinWorkerThread.java:107) [scala-library-2.11.1.jar:na]

2015-10-06 05:17:31,799 - [DEBUG] - from application in play-akka.actor.default-dispatcher-8 
Unforseen error for js/ie-emulation-modes-warning.js at /public
java.lang.RuntimeException: no resource
	at controllers.Assets$$anonfun$controllers$Assets$$assetInfoFromResource$1$$anonfun$10.apply(Assets.scala:214) ~[play_2.11-2.3.0.jar:2.3.0]
	at controllers.Assets$$anonfun$controllers$Assets$$assetInfoFromResource$1$$anonfun$10.apply(Assets.scala:214) ~[play_2.11-2.3.0.jar:2.3.0]
	at scala.Option.getOrElse(Option.scala:120) [scala-library-2.11.1.jar:na]
	at controllers.Assets$$anonfun$controllers$Assets$$assetInfoFromResource$1.apply(Assets.scala:214) ~[play_2.11-2.3.0.jar:2.3.0]
	at controllers.Assets$$anonfun$controllers$Assets$$assetInfoFromResource$1.apply(Assets.scala:213) ~[play_2.11-2.3.0.jar:2.3.0]
	at akka.dispatch.MonitorableThreadFactory$AkkaForkJoinWorkerThread$$anon$3.block(ThreadPoolBuilder.scala:169) ~[akka-actor_2.11-2.3.3.jar:na]
	at scala.concurrent.forkjoin.ForkJoinPool.managedBlock(ForkJoinPool.java:3640) [scala-library-2.11.1.jar:na]
	at akka.dispatch.MonitorableThreadFactory$AkkaForkJoinWorkerThread.blockOn(ThreadPoolBuilder.scala:167) ~[akka-actor_2.11-2.3.3.jar:na]
	at scala.concurrent.package$.blocking(package.scala:54) ~[scala-library-2.11.1.jar:na]
	at controllers.Assets$.controllers$Assets$$assetInfoFromResource(Assets.scala:213) ~[play_2.11-2.3.0.jar:2.3.0]
	at controllers.Assets$.assetInfo(Assets.scala:222) ~[play_2.11-2.3.0.jar:2.3.0]
	at controllers.Assets$.assetInfoForRequest(Assets.scala:230) ~[play_2.11-2.3.0.jar:2.3.0]
	at controllers.AssetsBuilder$$anonfun$at$1$$anonfun$15.apply(Assets.scala:352) ~[play_2.11-2.3.0.jar:2.3.0]
	at controllers.AssetsBuilder$$anonfun$at$1$$anonfun$15.apply(Assets.scala:351) ~[play_2.11-2.3.0.jar:2.3.0]
	at scala.concurrent.Future$$anonfun$flatMap$1.apply(Future.scala:251) ~[scala-library-2.11.1.jar:na]
	at scala.concurrent.Future$$anonfun$flatMap$1.apply(Future.scala:249) ~[scala-library-2.11.1.jar:na]
	at scala.concurrent.impl.CallbackRunnable.run(Promise.scala:32) ~[scala-library-2.11.1.jar:na]
	at play.api.libs.iteratee.Execution$trampoline$.execute(Execution.scala:46) ~[play-iteratees_2.11-2.3.0.jar:2.3.0]
	at scala.concurrent.impl.CallbackRunnable.executeWithValue(Promise.scala:40) ~[scala-library-2.11.1.jar:na]
	at scala.concurrent.impl.Promise$DefaultPromise.scala$concurrent$impl$Promise$DefaultPromise$$dispatchOrAddCallback(Promise.scala:280) ~[scala-library-2.11.1.jar:na]
	at scala.concurrent.impl.Promise$DefaultPromise.onComplete(Promise.scala:270) ~[scala-library-2.11.1.jar:na]
	at scala.concurrent.Future$class.flatMap(Future.scala:249) ~[scala-library-2.11.1.jar:na]
	at scala.concurrent.impl.Promise$DefaultPromise.flatMap(Promise.scala:153) ~[scala-library-2.11.1.jar:na]
	at controllers.AssetsBuilder$$anonfun$at$1.apply(Assets.scala:351) [play_2.11-2.3.0.jar:2.3.0]
	at controllers.AssetsBuilder$$anonfun$at$1.apply(Assets.scala:347) [play_2.11-2.3.0.jar:2.3.0]
	at play.api.mvc.Action$.invokeBlock(Action.scala:556) [play_2.11-2.3.0.jar:2.3.0]
	at play.api.mvc.Action$.invokeBlock(Action.scala:555) [play_2.11-2.3.0.jar:2.3.0]
	at play.api.mvc.ActionBuilder$$anon$1.apply(Action.scala:518) [play_2.11-2.3.0.jar:2.3.0]
	at play.api.mvc.Action$$anonfun$apply$1$$anonfun$apply$4$$anonfun$apply$5.apply(Action.scala:130) [play_2.11-2.3.0.jar:2.3.0]
	at play.api.mvc.Action$$anonfun$apply$1$$anonfun$apply$4$$anonfun$apply$5.apply(Action.scala:130) [play_2.11-2.3.0.jar:2.3.0]
	at play.utils.Threads$.withContextClassLoader(Threads.scala:21) [play_2.11-2.3.0.jar:2.3.0]
	at play.api.mvc.Action$$anonfun$apply$1$$anonfun$apply$4.apply(Action.scala:129) [play_2.11-2.3.0.jar:2.3.0]
	at play.api.mvc.Action$$anonfun$apply$1$$anonfun$apply$4.apply(Action.scala:128) [play_2.11-2.3.0.jar:2.3.0]
	at scala.Option.map(Option.scala:145) [scala-library-2.11.1.jar:na]
	at play.api.mvc.Action$$anonfun$apply$1.apply(Action.scala:128) [play_2.11-2.3.0.jar:2.3.0]
	at play.api.mvc.Action$$anonfun$apply$1.apply(Action.scala:121) [play_2.11-2.3.0.jar:2.3.0]
	at play.api.libs.iteratee.DoneIteratee$$anonfun$mapM$2.apply(Iteratee.scala:705) [play-iteratees_2.11-2.3.0.jar:2.3.0]
	at play.api.libs.iteratee.DoneIteratee$$anonfun$mapM$2.apply(Iteratee.scala:705) [play-iteratees_2.11-2.3.0.jar:2.3.0]
	at scala.concurrent.impl.Future$PromiseCompletingRunnable.liftedTree1$1(Future.scala:24) [scala-library-2.11.1.jar:na]
	at scala.concurrent.impl.Future$PromiseCompletingRunnable.run(Future.scala:24) [scala-library-2.11.1.jar:na]
	at akka.dispatch.TaskInvocation.run(AbstractDispatcher.scala:41) [akka-actor_2.11-2.3.3.jar:na]
	at akka.dispatch.ForkJoinExecutorConfigurator$AkkaForkJoinTask.exec(AbstractDispatcher.scala:393) [akka-actor_2.11-2.3.3.jar:na]
	at scala.concurrent.forkjoin.ForkJoinTask.doExec(ForkJoinTask.java:260) [scala-library-2.11.1.jar:na]
	at scala.concurrent.forkjoin.ForkJoinPool$WorkQueue.runTask(ForkJoinPool.java:1339) [scala-library-2.11.1.jar:na]
	at scala.concurrent.forkjoin.ForkJoinPool.runWorker(ForkJoinPool.java:1979) [scala-library-2.11.1.jar:na]
	at scala.concurrent.forkjoin.ForkJoinWorkerThread.run(ForkJoinWorkerThread.java:107) [scala-library-2.11.1.jar:na]

2015-10-06 05:17:33,836 - [DEBUG] - from application in play-akka.actor.default-dispatcher-4 
Unforseen error for js/ie10-viewport-bug-workaround.js at /public
java.lang.RuntimeException: no resource
	at controllers.Assets$$anonfun$controllers$Assets$$assetInfoFromResource$1$$anonfun$10.apply(Assets.scala:214) ~[play_2.11-2.3.0.jar:2.3.0]
	at controllers.Assets$$anonfun$controllers$Assets$$assetInfoFromResource$1$$anonfun$10.apply(Assets.scala:214) ~[play_2.11-2.3.0.jar:2.3.0]
	at scala.Option.getOrElse(Option.scala:120) [scala-library-2.11.1.jar:na]
	at controllers.Assets$$anonfun$controllers$Assets$$assetInfoFromResource$1.apply(Assets.scala:214) ~[play_2.11-2.3.0.jar:2.3.0]
	at controllers.Assets$$anonfun$controllers$Assets$$assetInfoFromResource$1.apply(Assets.scala:213) ~[play_2.11-2.3.0.jar:2.3.0]
	at akka.dispatch.MonitorableThreadFactory$AkkaForkJoinWorkerThread$$anon$3.block(ThreadPoolBuilder.scala:169) ~[akka-actor_2.11-2.3.3.jar:na]
	at scala.concurrent.forkjoin.ForkJoinPool.managedBlock(ForkJoinPool.java:3640) [scala-library-2.11.1.jar:na]
	at akka.dispatch.MonitorableThreadFactory$AkkaForkJoinWorkerThread.blockOn(ThreadPoolBuilder.scala:167) ~[akka-actor_2.11-2.3.3.jar:na]
	at scala.concurrent.package$.blocking(package.scala:54) ~[scala-library-2.11.1.jar:na]
	at controllers.Assets$.controllers$Assets$$assetInfoFromResource(Assets.scala:213) ~[play_2.11-2.3.0.jar:2.3.0]
	at controllers.Assets$.assetInfo(Assets.scala:222) ~[play_2.11-2.3.0.jar:2.3.0]
	at controllers.Assets$.assetInfoForRequest(Assets.scala:230) ~[play_2.11-2.3.0.jar:2.3.0]
	at controllers.AssetsBuilder$$anonfun$at$1$$anonfun$15.apply(Assets.scala:352) ~[play_2.11-2.3.0.jar:2.3.0]
	at controllers.AssetsBuilder$$anonfun$at$1$$anonfun$15.apply(Assets.scala:351) ~[play_2.11-2.3.0.jar:2.3.0]
	at scala.concurrent.Future$$anonfun$flatMap$1.apply(Future.scala:251) ~[scala-library-2.11.1.jar:na]
	at scala.concurrent.Future$$anonfun$flatMap$1.apply(Future.scala:249) ~[scala-library-2.11.1.jar:na]
	at scala.concurrent.impl.CallbackRunnable.run(Promise.scala:32) ~[scala-library-2.11.1.jar:na]
	at play.api.libs.iteratee.Execution$trampoline$.execute(Execution.scala:46) ~[play-iteratees_2.11-2.3.0.jar:2.3.0]
	at scala.concurrent.impl.CallbackRunnable.executeWithValue(Promise.scala:40) ~[scala-library-2.11.1.jar:na]
	at scala.concurrent.impl.Promise$DefaultPromise.scala$concurrent$impl$Promise$DefaultPromise$$dispatchOrAddCallback(Promise.scala:280) ~[scala-library-2.11.1.jar:na]
	at scala.concurrent.impl.Promise$DefaultPromise.onComplete(Promise.scala:270) ~[scala-library-2.11.1.jar:na]
	at scala.concurrent.Future$class.flatMap(Future.scala:249) ~[scala-library-2.11.1.jar:na]
	at scala.concurrent.impl.Promise$DefaultPromise.flatMap(Promise.scala:153) ~[scala-library-2.11.1.jar:na]
	at controllers.AssetsBuilder$$anonfun$at$1.apply(Assets.scala:351) [play_2.11-2.3.0.jar:2.3.0]
	at controllers.AssetsBuilder$$anonfun$at$1.apply(Assets.scala:347) [play_2.11-2.3.0.jar:2.3.0]
	at play.api.mvc.Action$.invokeBlock(Action.scala:556) [play_2.11-2.3.0.jar:2.3.0]
	at play.api.mvc.Action$.invokeBlock(Action.scala:555) [play_2.11-2.3.0.jar:2.3.0]
	at play.api.mvc.ActionBuilder$$anon$1.apply(Action.scala:518) [play_2.11-2.3.0.jar:2.3.0]
	at play.api.mvc.Action$$anonfun$apply$1$$anonfun$apply$4$$anonfun$apply$5.apply(Action.scala:130) [play_2.11-2.3.0.jar:2.3.0]
	at play.api.mvc.Action$$anonfun$apply$1$$anonfun$apply$4$$anonfun$apply$5.apply(Action.scala:130) [play_2.11-2.3.0.jar:2.3.0]
	at play.utils.Threads$.withContextClassLoader(Threads.scala:21) [play_2.11-2.3.0.jar:2.3.0]
	at play.api.mvc.Action$$anonfun$apply$1$$anonfun$apply$4.apply(Action.scala:129) [play_2.11-2.3.0.jar:2.3.0]
	at play.api.mvc.Action$$anonfun$apply$1$$anonfun$apply$4.apply(Action.scala:128) [play_2.11-2.3.0.jar:2.3.0]
	at scala.Option.map(Option.scala:145) [scala-library-2.11.1.jar:na]
	at play.api.mvc.Action$$anonfun$apply$1.apply(Action.scala:128) [play_2.11-2.3.0.jar:2.3.0]
	at play.api.mvc.Action$$anonfun$apply$1.apply(Action.scala:121) [play_2.11-2.3.0.jar:2.3.0]
	at play.api.libs.iteratee.DoneIteratee$$anonfun$mapM$2.apply(Iteratee.scala:705) [play-iteratees_2.11-2.3.0.jar:2.3.0]
	at play.api.libs.iteratee.DoneIteratee$$anonfun$mapM$2.apply(Iteratee.scala:705) [play-iteratees_2.11-2.3.0.jar:2.3.0]
	at scala.concurrent.impl.Future$PromiseCompletingRunnable.liftedTree1$1(Future.scala:24) [scala-library-2.11.1.jar:na]
	at scala.concurrent.impl.Future$PromiseCompletingRunnable.run(Future.scala:24) [scala-library-2.11.1.jar:na]
	at akka.dispatch.TaskInvocation.run(AbstractDispatcher.scala:41) [akka-actor_2.11-2.3.3.jar:na]
	at akka.dispatch.ForkJoinExecutorConfigurator$AkkaForkJoinTask.exec(AbstractDispatcher.scala:393) [akka-actor_2.11-2.3.3.jar:na]
	at scala.concurrent.forkjoin.ForkJoinTask.doExec(ForkJoinTask.java:260) [scala-library-2.11.1.jar:na]
	at scala.concurrent.forkjoin.ForkJoinPool$WorkQueue.runTask(ForkJoinPool.java:1339) [scala-library-2.11.1.jar:na]
	at scala.concurrent.forkjoin.ForkJoinPool.runWorker(ForkJoinPool.java:1979) [scala-library-2.11.1.jar:na]
	at scala.concurrent.forkjoin.ForkJoinWorkerThread.run(ForkJoinWorkerThread.java:107) [scala-library-2.11.1.jar:na]

2015-10-06 05:17:44,934 - [DEBUG] - from application in play-akka.actor.default-dispatcher-12 
Unforseen error for js/ie-emulation-modes-warning.js at /public
java.lang.RuntimeException: no resource
	at controllers.Assets$$anonfun$controllers$Assets$$assetInfoFromResource$1$$anonfun$10.apply(Assets.scala:214) ~[play_2.11-2.3.0.jar:2.3.0]
	at controllers.Assets$$anonfun$controllers$Assets$$assetInfoFromResource$1$$anonfun$10.apply(Assets.scala:214) ~[play_2.11-2.3.0.jar:2.3.0]
	at scala.Option.getOrElse(Option.scala:120) [scala-library-2.11.1.jar:na]
	at controllers.Assets$$anonfun$controllers$Assets$$assetInfoFromResource$1.apply(Assets.scala:214) ~[play_2.11-2.3.0.jar:2.3.0]
	at controllers.Assets$$anonfun$controllers$Assets$$assetInfoFromResource$1.apply(Assets.scala:213) ~[play_2.11-2.3.0.jar:2.3.0]
	at akka.dispatch.MonitorableThreadFactory$AkkaForkJoinWorkerThread$$anon$3.block(ThreadPoolBuilder.scala:169) ~[akka-actor_2.11-2.3.3.jar:na]
	at scala.concurrent.forkjoin.ForkJoinPool.managedBlock(ForkJoinPool.java:3640) [scala-library-2.11.1.jar:na]
	at akka.dispatch.MonitorableThreadFactory$AkkaForkJoinWorkerThread.blockOn(ThreadPoolBuilder.scala:167) ~[akka-actor_2.11-2.3.3.jar:na]
	at scala.concurrent.package$.blocking(package.scala:54) ~[scala-library-2.11.1.jar:na]
	at controllers.Assets$.controllers$Assets$$assetInfoFromResource(Assets.scala:213) ~[play_2.11-2.3.0.jar:2.3.0]
	at controllers.Assets$.assetInfo(Assets.scala:222) ~[play_2.11-2.3.0.jar:2.3.0]
	at controllers.Assets$.assetInfoForRequest(Assets.scala:230) ~[play_2.11-2.3.0.jar:2.3.0]
	at controllers.AssetsBuilder$$anonfun$at$1$$anonfun$15.apply(Assets.scala:352) ~[play_2.11-2.3.0.jar:2.3.0]
	at controllers.AssetsBuilder$$anonfun$at$1$$anonfun$15.apply(Assets.scala:351) ~[play_2.11-2.3.0.jar:2.3.0]
	at scala.concurrent.Future$$anonfun$flatMap$1.apply(Future.scala:251) ~[scala-library-2.11.1.jar:na]
	at scala.concurrent.Future$$anonfun$flatMap$1.apply(Future.scala:249) ~[scala-library-2.11.1.jar:na]
	at scala.concurrent.impl.CallbackRunnable.run(Promise.scala:32) ~[scala-library-2.11.1.jar:na]
	at play.api.libs.iteratee.Execution$trampoline$.execute(Execution.scala:46) ~[play-iteratees_2.11-2.3.0.jar:2.3.0]
	at scala.concurrent.impl.CallbackRunnable.executeWithValue(Promise.scala:40) ~[scala-library-2.11.1.jar:na]
	at scala.concurrent.impl.Promise$DefaultPromise.scala$concurrent$impl$Promise$DefaultPromise$$dispatchOrAddCallback(Promise.scala:280) ~[scala-library-2.11.1.jar:na]
	at scala.concurrent.impl.Promise$DefaultPromise.onComplete(Promise.scala:270) ~[scala-library-2.11.1.jar:na]
	at scala.concurrent.Future$class.flatMap(Future.scala:249) ~[scala-library-2.11.1.jar:na]
	at scala.concurrent.impl.Promise$DefaultPromise.flatMap(Promise.scala:153) ~[scala-library-2.11.1.jar:na]
	at controllers.AssetsBuilder$$anonfun$at$1.apply(Assets.scala:351) [play_2.11-2.3.0.jar:2.3.0]
	at controllers.AssetsBuilder$$anonfun$at$1.apply(Assets.scala:347) [play_2.11-2.3.0.jar:2.3.0]
	at play.api.mvc.Action$.invokeBlock(Action.scala:556) [play_2.11-2.3.0.jar:2.3.0]
	at play.api.mvc.Action$.invokeBlock(Action.scala:555) [play_2.11-2.3.0.jar:2.3.0]
	at play.api.mvc.ActionBuilder$$anon$1.apply(Action.scala:518) [play_2.11-2.3.0.jar:2.3.0]
	at play.api.mvc.Action$$anonfun$apply$1$$anonfun$apply$4$$anonfun$apply$5.apply(Action.scala:130) [play_2.11-2.3.0.jar:2.3.0]
	at play.api.mvc.Action$$anonfun$apply$1$$anonfun$apply$4$$anonfun$apply$5.apply(Action.scala:130) [play_2.11-2.3.0.jar:2.3.0]
	at play.utils.Threads$.withContextClassLoader(Threads.scala:21) [play_2.11-2.3.0.jar:2.3.0]
	at play.api.mvc.Action$$anonfun$apply$1$$anonfun$apply$4.apply(Action.scala:129) [play_2.11-2.3.0.jar:2.3.0]
	at play.api.mvc.Action$$anonfun$apply$1$$anonfun$apply$4.apply(Action.scala:128) [play_2.11-2.3.0.jar:2.3.0]
	at scala.Option.map(Option.scala:145) [scala-library-2.11.1.jar:na]
	at play.api.mvc.Action$$anonfun$apply$1.apply(Action.scala:128) [play_2.11-2.3.0.jar:2.3.0]
	at play.api.mvc.Action$$anonfun$apply$1.apply(Action.scala:121) [play_2.11-2.3.0.jar:2.3.0]
	at play.api.libs.iteratee.DoneIteratee$$anonfun$mapM$2.apply(Iteratee.scala:705) [play-iteratees_2.11-2.3.0.jar:2.3.0]
	at play.api.libs.iteratee.DoneIteratee$$anonfun$mapM$2.apply(Iteratee.scala:705) [play-iteratees_2.11-2.3.0.jar:2.3.0]
	at scala.concurrent.impl.Future$PromiseCompletingRunnable.liftedTree1$1(Future.scala:24) [scala-library-2.11.1.jar:na]
	at scala.concurrent.impl.Future$PromiseCompletingRunnable.run(Future.scala:24) [scala-library-2.11.1.jar:na]
	at akka.dispatch.TaskInvocation.run(AbstractDispatcher.scala:41) [akka-actor_2.11-2.3.3.jar:na]
	at akka.dispatch.ForkJoinExecutorConfigurator$AkkaForkJoinTask.exec(AbstractDispatcher.scala:393) [akka-actor_2.11-2.3.3.jar:na]
	at scala.concurrent.forkjoin.ForkJoinTask.doExec(ForkJoinTask.java:260) [scala-library-2.11.1.jar:na]
	at scala.concurrent.forkjoin.ForkJoinPool$WorkQueue.runTask(ForkJoinPool.java:1339) [scala-library-2.11.1.jar:na]
	at scala.concurrent.forkjoin.ForkJoinPool.runWorker(ForkJoinPool.java:1979) [scala-library-2.11.1.jar:na]
	at scala.concurrent.forkjoin.ForkJoinWorkerThread.run(ForkJoinWorkerThread.java:107) [scala-library-2.11.1.jar:na]

2015-10-06 05:17:44,948 - [DEBUG] - from application in play-akka.actor.default-dispatcher-14 
Unforseen error for js/ie10-viewport-bug-workaround.js at /public
java.lang.RuntimeException: no resource
	at controllers.Assets$$anonfun$controllers$Assets$$assetInfoFromResource$1$$anonfun$10.apply(Assets.scala:214) ~[play_2.11-2.3.0.jar:2.3.0]
	at controllers.Assets$$anonfun$controllers$Assets$$assetInfoFromResource$1$$anonfun$10.apply(Assets.scala:214) ~[play_2.11-2.3.0.jar:2.3.0]
	at scala.Option.getOrElse(Option.scala:120) [scala-library-2.11.1.jar:na]
	at controllers.Assets$$anonfun$controllers$Assets$$assetInfoFromResource$1.apply(Assets.scala:214) ~[play_2.11-2.3.0.jar:2.3.0]
	at controllers.Assets$$anonfun$controllers$Assets$$assetInfoFromResource$1.apply(Assets.scala:213) ~[play_2.11-2.3.0.jar:2.3.0]
	at akka.dispatch.MonitorableThreadFactory$AkkaForkJoinWorkerThread$$anon$3.block(ThreadPoolBuilder.scala:169) ~[akka-actor_2.11-2.3.3.jar:na]
	at scala.concurrent.forkjoin.ForkJoinPool.managedBlock(ForkJoinPool.java:3640) [scala-library-2.11.1.jar:na]
	at akka.dispatch.MonitorableThreadFactory$AkkaForkJoinWorkerThread.blockOn(ThreadPoolBuilder.scala:167) ~[akka-actor_2.11-2.3.3.jar:na]
	at scala.concurrent.package$.blocking(package.scala:54) ~[scala-library-2.11.1.jar:na]
	at controllers.Assets$.controllers$Assets$$assetInfoFromResource(Assets.scala:213) ~[play_2.11-2.3.0.jar:2.3.0]
	at controllers.Assets$.assetInfo(Assets.scala:222) ~[play_2.11-2.3.0.jar:2.3.0]
	at controllers.Assets$.assetInfoForRequest(Assets.scala:230) ~[play_2.11-2.3.0.jar:2.3.0]
	at controllers.AssetsBuilder$$anonfun$at$1$$anonfun$15.apply(Assets.scala:352) ~[play_2.11-2.3.0.jar:2.3.0]
	at controllers.AssetsBuilder$$anonfun$at$1$$anonfun$15.apply(Assets.scala:351) ~[play_2.11-2.3.0.jar:2.3.0]
	at scala.concurrent.Future$$anonfun$flatMap$1.apply(Future.scala:251) ~[scala-library-2.11.1.jar:na]
	at scala.concurrent.Future$$anonfun$flatMap$1.apply(Future.scala:249) ~[scala-library-2.11.1.jar:na]
	at scala.concurrent.impl.CallbackRunnable.run(Promise.scala:32) ~[scala-library-2.11.1.jar:na]
	at play.api.libs.iteratee.Execution$trampoline$.execute(Execution.scala:46) ~[play-iteratees_2.11-2.3.0.jar:2.3.0]
	at scala.concurrent.impl.CallbackRunnable.executeWithValue(Promise.scala:40) ~[scala-library-2.11.1.jar:na]
	at scala.concurrent.impl.Promise$DefaultPromise.scala$concurrent$impl$Promise$DefaultPromise$$dispatchOrAddCallback(Promise.scala:280) ~[scala-library-2.11.1.jar:na]
	at scala.concurrent.impl.Promise$DefaultPromise.onComplete(Promise.scala:270) ~[scala-library-2.11.1.jar:na]
	at scala.concurrent.Future$class.flatMap(Future.scala:249) ~[scala-library-2.11.1.jar:na]
	at scala.concurrent.impl.Promise$DefaultPromise.flatMap(Promise.scala:153) ~[scala-library-2.11.1.jar:na]
	at controllers.AssetsBuilder$$anonfun$at$1.apply(Assets.scala:351) [play_2.11-2.3.0.jar:2.3.0]
	at controllers.AssetsBuilder$$anonfun$at$1.apply(Assets.scala:347) [play_2.11-2.3.0.jar:2.3.0]
	at play.api.mvc.Action$.invokeBlock(Action.scala:556) [play_2.11-2.3.0.jar:2.3.0]
	at play.api.mvc.Action$.invokeBlock(Action.scala:555) [play_2.11-2.3.0.jar:2.3.0]
	at play.api.mvc.ActionBuilder$$anon$1.apply(Action.scala:518) [play_2.11-2.3.0.jar:2.3.0]
	at play.api.mvc.Action$$anonfun$apply$1$$anonfun$apply$4$$anonfun$apply$5.apply(Action.scala:130) [play_2.11-2.3.0.jar:2.3.0]
	at play.api.mvc.Action$$anonfun$apply$1$$anonfun$apply$4$$anonfun$apply$5.apply(Action.scala:130) [play_2.11-2.3.0.jar:2.3.0]
	at play.utils.Threads$.withContextClassLoader(Threads.scala:21) [play_2.11-2.3.0.jar:2.3.0]
	at play.api.mvc.Action$$anonfun$apply$1$$anonfun$apply$4.apply(Action.scala:129) [play_2.11-2.3.0.jar:2.3.0]
	at play.api.mvc.Action$$anonfun$apply$1$$anonfun$apply$4.apply(Action.scala:128) [play_2.11-2.3.0.jar:2.3.0]
	at scala.Option.map(Option.scala:145) [scala-library-2.11.1.jar:na]
	at play.api.mvc.Action$$anonfun$apply$1.apply(Action.scala:128) [play_2.11-2.3.0.jar:2.3.0]
	at play.api.mvc.Action$$anonfun$apply$1.apply(Action.scala:121) [play_2.11-2.3.0.jar:2.3.0]
	at play.api.libs.iteratee.DoneIteratee$$anonfun$mapM$2.apply(Iteratee.scala:705) [play-iteratees_2.11-2.3.0.jar:2.3.0]
	at play.api.libs.iteratee.DoneIteratee$$anonfun$mapM$2.apply(Iteratee.scala:705) [play-iteratees_2.11-2.3.0.jar:2.3.0]
	at scala.concurrent.impl.Future$PromiseCompletingRunnable.liftedTree1$1(Future.scala:24) [scala-library-2.11.1.jar:na]
	at scala.concurrent.impl.Future$PromiseCompletingRunnable.run(Future.scala:24) [scala-library-2.11.1.jar:na]
	at akka.dispatch.TaskInvocation.run(AbstractDispatcher.scala:41) [akka-actor_2.11-2.3.3.jar:na]
	at akka.dispatch.ForkJoinExecutorConfigurator$AkkaForkJoinTask.exec(AbstractDispatcher.scala:393) [akka-actor_2.11-2.3.3.jar:na]
	at scala.concurrent.forkjoin.ForkJoinTask.doExec(ForkJoinTask.java:260) [scala-library-2.11.1.jar:na]
	at scala.concurrent.forkjoin.ForkJoinPool$WorkQueue.runTask(ForkJoinPool.java:1339) [scala-library-2.11.1.jar:na]
	at scala.concurrent.forkjoin.ForkJoinPool.runWorker(ForkJoinPool.java:1979) [scala-library-2.11.1.jar:na]
	at scala.concurrent.forkjoin.ForkJoinWorkerThread.run(ForkJoinWorkerThread.java:107) [scala-library-2.11.1.jar:na]

2015-10-06 05:17:46,844 - [DEBUG] - from application in play-akka.actor.default-dispatcher-12 
Unforseen error for js/ie10-viewport-bug-workaround.js at /public
java.lang.RuntimeException: no resource
	at controllers.Assets$$anonfun$controllers$Assets$$assetInfoFromResource$1$$anonfun$10.apply(Assets.scala:214) ~[play_2.11-2.3.0.jar:2.3.0]
	at controllers.Assets$$anonfun$controllers$Assets$$assetInfoFromResource$1$$anonfun$10.apply(Assets.scala:214) ~[play_2.11-2.3.0.jar:2.3.0]
	at scala.Option.getOrElse(Option.scala:120) [scala-library-2.11.1.jar:na]
	at controllers.Assets$$anonfun$controllers$Assets$$assetInfoFromResource$1.apply(Assets.scala:214) ~[play_2.11-2.3.0.jar:2.3.0]
	at controllers.Assets$$anonfun$controllers$Assets$$assetInfoFromResource$1.apply(Assets.scala:213) ~[play_2.11-2.3.0.jar:2.3.0]
	at akka.dispatch.MonitorableThreadFactory$AkkaForkJoinWorkerThread$$anon$3.block(ThreadPoolBuilder.scala:169) ~[akka-actor_2.11-2.3.3.jar:na]
	at scala.concurrent.forkjoin.ForkJoinPool.managedBlock(ForkJoinPool.java:3640) [scala-library-2.11.1.jar:na]
	at akka.dispatch.MonitorableThreadFactory$AkkaForkJoinWorkerThread.blockOn(ThreadPoolBuilder.scala:167) ~[akka-actor_2.11-2.3.3.jar:na]
	at scala.concurrent.package$.blocking(package.scala:54) ~[scala-library-2.11.1.jar:na]
	at controllers.Assets$.controllers$Assets$$assetInfoFromResource(Assets.scala:213) ~[play_2.11-2.3.0.jar:2.3.0]
	at controllers.Assets$.assetInfo(Assets.scala:222) ~[play_2.11-2.3.0.jar:2.3.0]
	at controllers.Assets$.assetInfoForRequest(Assets.scala:230) ~[play_2.11-2.3.0.jar:2.3.0]
	at controllers.AssetsBuilder$$anonfun$at$1$$anonfun$15.apply(Assets.scala:352) ~[play_2.11-2.3.0.jar:2.3.0]
	at controllers.AssetsBuilder$$anonfun$at$1$$anonfun$15.apply(Assets.scala:351) ~[play_2.11-2.3.0.jar:2.3.0]
	at scala.concurrent.Future$$anonfun$flatMap$1.apply(Future.scala:251) ~[scala-library-2.11.1.jar:na]
	at scala.concurrent.Future$$anonfun$flatMap$1.apply(Future.scala:249) ~[scala-library-2.11.1.jar:na]
	at scala.concurrent.impl.CallbackRunnable.run(Promise.scala:32) ~[scala-library-2.11.1.jar:na]
	at play.api.libs.iteratee.Execution$trampoline$.execute(Execution.scala:46) ~[play-iteratees_2.11-2.3.0.jar:2.3.0]
	at scala.concurrent.impl.CallbackRunnable.executeWithValue(Promise.scala:40) ~[scala-library-2.11.1.jar:na]
	at scala.concurrent.impl.Promise$DefaultPromise.scala$concurrent$impl$Promise$DefaultPromise$$dispatchOrAddCallback(Promise.scala:280) ~[scala-library-2.11.1.jar:na]
	at scala.concurrent.impl.Promise$DefaultPromise.onComplete(Promise.scala:270) ~[scala-library-2.11.1.jar:na]
	at scala.concurrent.Future$class.flatMap(Future.scala:249) ~[scala-library-2.11.1.jar:na]
	at scala.concurrent.impl.Promise$DefaultPromise.flatMap(Promise.scala:153) ~[scala-library-2.11.1.jar:na]
	at controllers.AssetsBuilder$$anonfun$at$1.apply(Assets.scala:351) [play_2.11-2.3.0.jar:2.3.0]
	at controllers.AssetsBuilder$$anonfun$at$1.apply(Assets.scala:347) [play_2.11-2.3.0.jar:2.3.0]
	at play.api.mvc.Action$.invokeBlock(Action.scala:556) [play_2.11-2.3.0.jar:2.3.0]
	at play.api.mvc.Action$.invokeBlock(Action.scala:555) [play_2.11-2.3.0.jar:2.3.0]
	at play.api.mvc.ActionBuilder$$anon$1.apply(Action.scala:518) [play_2.11-2.3.0.jar:2.3.0]
	at play.api.mvc.Action$$anonfun$apply$1$$anonfun$apply$4$$anonfun$apply$5.apply(Action.scala:130) [play_2.11-2.3.0.jar:2.3.0]
	at play.api.mvc.Action$$anonfun$apply$1$$anonfun$apply$4$$anonfun$apply$5.apply(Action.scala:130) [play_2.11-2.3.0.jar:2.3.0]
	at play.utils.Threads$.withContextClassLoader(Threads.scala:21) [play_2.11-2.3.0.jar:2.3.0]
	at play.api.mvc.Action$$anonfun$apply$1$$anonfun$apply$4.apply(Action.scala:129) [play_2.11-2.3.0.jar:2.3.0]
	at play.api.mvc.Action$$anonfun$apply$1$$anonfun$apply$4.apply(Action.scala:128) [play_2.11-2.3.0.jar:2.3.0]
	at scala.Option.map(Option.scala:145) [scala-library-2.11.1.jar:na]
	at play.api.mvc.Action$$anonfun$apply$1.apply(Action.scala:128) [play_2.11-2.3.0.jar:2.3.0]
	at play.api.mvc.Action$$anonfun$apply$1.apply(Action.scala:121) [play_2.11-2.3.0.jar:2.3.0]
	at play.api.libs.iteratee.DoneIteratee$$anonfun$mapM$2.apply(Iteratee.scala:705) [play-iteratees_2.11-2.3.0.jar:2.3.0]
	at play.api.libs.iteratee.DoneIteratee$$anonfun$mapM$2.apply(Iteratee.scala:705) [play-iteratees_2.11-2.3.0.jar:2.3.0]
	at scala.concurrent.impl.Future$PromiseCompletingRunnable.liftedTree1$1(Future.scala:24) [scala-library-2.11.1.jar:na]
	at scala.concurrent.impl.Future$PromiseCompletingRunnable.run(Future.scala:24) [scala-library-2.11.1.jar:na]
	at akka.dispatch.TaskInvocation.run(AbstractDispatcher.scala:41) [akka-actor_2.11-2.3.3.jar:na]
	at akka.dispatch.ForkJoinExecutorConfigurator$AkkaForkJoinTask.exec(AbstractDispatcher.scala:393) [akka-actor_2.11-2.3.3.jar:na]
	at scala.concurrent.forkjoin.ForkJoinTask.doExec(ForkJoinTask.java:260) [scala-library-2.11.1.jar:na]
	at scala.concurrent.forkjoin.ForkJoinPool$WorkQueue.runTask(ForkJoinPool.java:1339) [scala-library-2.11.1.jar:na]
	at scala.concurrent.forkjoin.ForkJoinPool.runWorker(ForkJoinPool.java:1979) [scala-library-2.11.1.jar:na]
	at scala.concurrent.forkjoin.ForkJoinWorkerThread.run(ForkJoinWorkerThread.java:107) [scala-library-2.11.1.jar:na]

2015-10-06 05:17:57,560 - [DEBUG] - from application in play-akka.actor.default-dispatcher-14 
Unforseen error for js/ie10-viewport-bug-workaround.js at /public
java.lang.RuntimeException: no resource
	at controllers.Assets$$anonfun$controllers$Assets$$assetInfoFromResource$1$$anonfun$10.apply(Assets.scala:214) ~[play_2.11-2.3.0.jar:2.3.0]
	at controllers.Assets$$anonfun$controllers$Assets$$assetInfoFromResource$1$$anonfun$10.apply(Assets.scala:214) ~[play_2.11-2.3.0.jar:2.3.0]
	at scala.Option.getOrElse(Option.scala:120) [scala-library-2.11.1.jar:na]
	at controllers.Assets$$anonfun$controllers$Assets$$assetInfoFromResource$1.apply(Assets.scala:214) ~[play_2.11-2.3.0.jar:2.3.0]
	at controllers.Assets$$anonfun$controllers$Assets$$assetInfoFromResource$1.apply(Assets.scala:213) ~[play_2.11-2.3.0.jar:2.3.0]
	at akka.dispatch.MonitorableThreadFactory$AkkaForkJoinWorkerThread$$anon$3.block(ThreadPoolBuilder.scala:169) ~[akka-actor_2.11-2.3.3.jar:na]
	at scala.concurrent.forkjoin.ForkJoinPool.managedBlock(ForkJoinPool.java:3640) [scala-library-2.11.1.jar:na]
	at akka.dispatch.MonitorableThreadFactory$AkkaForkJoinWorkerThread.blockOn(ThreadPoolBuilder.scala:167) ~[akka-actor_2.11-2.3.3.jar:na]
	at scala.concurrent.package$.blocking(package.scala:54) ~[scala-library-2.11.1.jar:na]
	at controllers.Assets$.controllers$Assets$$assetInfoFromResource(Assets.scala:213) ~[play_2.11-2.3.0.jar:2.3.0]
	at controllers.Assets$.assetInfo(Assets.scala:222) ~[play_2.11-2.3.0.jar:2.3.0]
	at controllers.Assets$.assetInfoForRequest(Assets.scala:230) ~[play_2.11-2.3.0.jar:2.3.0]
	at controllers.AssetsBuilder$$anonfun$at$1$$anonfun$15.apply(Assets.scala:352) ~[play_2.11-2.3.0.jar:2.3.0]
	at controllers.AssetsBuilder$$anonfun$at$1$$anonfun$15.apply(Assets.scala:351) ~[play_2.11-2.3.0.jar:2.3.0]
	at scala.concurrent.Future$$anonfun$flatMap$1.apply(Future.scala:251) ~[scala-library-2.11.1.jar:na]
	at scala.concurrent.Future$$anonfun$flatMap$1.apply(Future.scala:249) ~[scala-library-2.11.1.jar:na]
	at scala.concurrent.impl.CallbackRunnable.run(Promise.scala:32) ~[scala-library-2.11.1.jar:na]
	at play.api.libs.iteratee.Execution$trampoline$.execute(Execution.scala:46) ~[play-iteratees_2.11-2.3.0.jar:2.3.0]
	at scala.concurrent.impl.CallbackRunnable.executeWithValue(Promise.scala:40) ~[scala-library-2.11.1.jar:na]
	at scala.concurrent.impl.Promise$DefaultPromise.scala$concurrent$impl$Promise$DefaultPromise$$dispatchOrAddCallback(Promise.scala:280) ~[scala-library-2.11.1.jar:na]
	at scala.concurrent.impl.Promise$DefaultPromise.onComplete(Promise.scala:270) ~[scala-library-2.11.1.jar:na]
	at scala.concurrent.Future$class.flatMap(Future.scala:249) ~[scala-library-2.11.1.jar:na]
	at scala.concurrent.impl.Promise$DefaultPromise.flatMap(Promise.scala:153) ~[scala-library-2.11.1.jar:na]
	at controllers.AssetsBuilder$$anonfun$at$1.apply(Assets.scala:351) [play_2.11-2.3.0.jar:2.3.0]
	at controllers.AssetsBuilder$$anonfun$at$1.apply(Assets.scala:347) [play_2.11-2.3.0.jar:2.3.0]
	at play.api.mvc.Action$.invokeBlock(Action.scala:556) [play_2.11-2.3.0.jar:2.3.0]
	at play.api.mvc.Action$.invokeBlock(Action.scala:555) [play_2.11-2.3.0.jar:2.3.0]
	at play.api.mvc.ActionBuilder$$anon$1.apply(Action.scala:518) [play_2.11-2.3.0.jar:2.3.0]
	at play.api.mvc.Action$$anonfun$apply$1$$anonfun$apply$4$$anonfun$apply$5.apply(Action.scala:130) [play_2.11-2.3.0.jar:2.3.0]
	at play.api.mvc.Action$$anonfun$apply$1$$anonfun$apply$4$$anonfun$apply$5.apply(Action.scala:130) [play_2.11-2.3.0.jar:2.3.0]
	at play.utils.Threads$.withContextClassLoader(Threads.scala:21) [play_2.11-2.3.0.jar:2.3.0]
	at play.api.mvc.Action$$anonfun$apply$1$$anonfun$apply$4.apply(Action.scala:129) [play_2.11-2.3.0.jar:2.3.0]
	at play.api.mvc.Action$$anonfun$apply$1$$anonfun$apply$4.apply(Action.scala:128) [play_2.11-2.3.0.jar:2.3.0]
	at scala.Option.map(Option.scala:145) [scala-library-2.11.1.jar:na]
	at play.api.mvc.Action$$anonfun$apply$1.apply(Action.scala:128) [play_2.11-2.3.0.jar:2.3.0]
	at play.api.mvc.Action$$anonfun$apply$1.apply(Action.scala:121) [play_2.11-2.3.0.jar:2.3.0]
	at play.api.libs.iteratee.DoneIteratee$$anonfun$mapM$2.apply(Iteratee.scala:705) [play-iteratees_2.11-2.3.0.jar:2.3.0]
	at play.api.libs.iteratee.DoneIteratee$$anonfun$mapM$2.apply(Iteratee.scala:705) [play-iteratees_2.11-2.3.0.jar:2.3.0]
	at scala.concurrent.impl.Future$PromiseCompletingRunnable.liftedTree1$1(Future.scala:24) [scala-library-2.11.1.jar:na]
	at scala.concurrent.impl.Future$PromiseCompletingRunnable.run(Future.scala:24) [scala-library-2.11.1.jar:na]
	at akka.dispatch.TaskInvocation.run(AbstractDispatcher.scala:41) [akka-actor_2.11-2.3.3.jar:na]
	at akka.dispatch.ForkJoinExecutorConfigurator$AkkaForkJoinTask.exec(AbstractDispatcher.scala:393) [akka-actor_2.11-2.3.3.jar:na]
	at scala.concurrent.forkjoin.ForkJoinTask.doExec(ForkJoinTask.java:260) [scala-library-2.11.1.jar:na]
	at scala.concurrent.forkjoin.ForkJoinPool$WorkQueue.runTask(ForkJoinPool.java:1339) [scala-library-2.11.1.jar:na]
	at scala.concurrent.forkjoin.ForkJoinPool.runWorker(ForkJoinPool.java:1979) [scala-library-2.11.1.jar:na]
	at scala.concurrent.forkjoin.ForkJoinWorkerThread.run(ForkJoinWorkerThread.java:107) [scala-library-2.11.1.jar:na]

2015-10-06 05:18:04,159 - [DEBUG] - from application in play-akka.actor.default-dispatcher-9 
Unforseen error for js/ie10-viewport-bug-workaround.js at /public
java.lang.RuntimeException: no resource
	at controllers.Assets$$anonfun$controllers$Assets$$assetInfoFromResource$1$$anonfun$10.apply(Assets.scala:214) ~[play_2.11-2.3.0.jar:2.3.0]
	at controllers.Assets$$anonfun$controllers$Assets$$assetInfoFromResource$1$$anonfun$10.apply(Assets.scala:214) ~[play_2.11-2.3.0.jar:2.3.0]
	at scala.Option.getOrElse(Option.scala:120) [scala-library-2.11.1.jar:na]
	at controllers.Assets$$anonfun$controllers$Assets$$assetInfoFromResource$1.apply(Assets.scala:214) ~[play_2.11-2.3.0.jar:2.3.0]
	at controllers.Assets$$anonfun$controllers$Assets$$assetInfoFromResource$1.apply(Assets.scala:213) ~[play_2.11-2.3.0.jar:2.3.0]
	at akka.dispatch.MonitorableThreadFactory$AkkaForkJoinWorkerThread$$anon$3.block(ThreadPoolBuilder.scala:169) ~[akka-actor_2.11-2.3.3.jar:na]
	at scala.concurrent.forkjoin.ForkJoinPool.managedBlock(ForkJoinPool.java:3640) [scala-library-2.11.1.jar:na]
	at akka.dispatch.MonitorableThreadFactory$AkkaForkJoinWorkerThread.blockOn(ThreadPoolBuilder.scala:167) ~[akka-actor_2.11-2.3.3.jar:na]
	at scala.concurrent.package$.blocking(package.scala:54) ~[scala-library-2.11.1.jar:na]
	at controllers.Assets$.controllers$Assets$$assetInfoFromResource(Assets.scala:213) ~[play_2.11-2.3.0.jar:2.3.0]
	at controllers.Assets$.assetInfo(Assets.scala:222) ~[play_2.11-2.3.0.jar:2.3.0]
	at controllers.Assets$.assetInfoForRequest(Assets.scala:230) ~[play_2.11-2.3.0.jar:2.3.0]
	at controllers.AssetsBuilder$$anonfun$at$1$$anonfun$15.apply(Assets.scala:352) ~[play_2.11-2.3.0.jar:2.3.0]
	at controllers.AssetsBuilder$$anonfun$at$1$$anonfun$15.apply(Assets.scala:351) ~[play_2.11-2.3.0.jar:2.3.0]
	at scala.concurrent.Future$$anonfun$flatMap$1.apply(Future.scala:251) ~[scala-library-2.11.1.jar:na]
	at scala.concurrent.Future$$anonfun$flatMap$1.apply(Future.scala:249) ~[scala-library-2.11.1.jar:na]
	at scala.concurrent.impl.CallbackRunnable.run(Promise.scala:32) ~[scala-library-2.11.1.jar:na]
	at play.api.libs.iteratee.Execution$trampoline$.execute(Execution.scala:46) ~[play-iteratees_2.11-2.3.0.jar:2.3.0]
	at scala.concurrent.impl.CallbackRunnable.executeWithValue(Promise.scala:40) ~[scala-library-2.11.1.jar:na]
	at scala.concurrent.impl.Promise$DefaultPromise.scala$concurrent$impl$Promise$DefaultPromise$$dispatchOrAddCallback(Promise.scala:280) ~[scala-library-2.11.1.jar:na]
	at scala.concurrent.impl.Promise$DefaultPromise.onComplete(Promise.scala:270) ~[scala-library-2.11.1.jar:na]
	at scala.concurrent.Future$class.flatMap(Future.scala:249) ~[scala-library-2.11.1.jar:na]
	at scala.concurrent.impl.Promise$DefaultPromise.flatMap(Promise.scala:153) ~[scala-library-2.11.1.jar:na]
	at controllers.AssetsBuilder$$anonfun$at$1.apply(Assets.scala:351) [play_2.11-2.3.0.jar:2.3.0]
	at controllers.AssetsBuilder$$anonfun$at$1.apply(Assets.scala:347) [play_2.11-2.3.0.jar:2.3.0]
	at play.api.mvc.Action$.invokeBlock(Action.scala:556) [play_2.11-2.3.0.jar:2.3.0]
	at play.api.mvc.Action$.invokeBlock(Action.scala:555) [play_2.11-2.3.0.jar:2.3.0]
	at play.api.mvc.ActionBuilder$$anon$1.apply(Action.scala:518) [play_2.11-2.3.0.jar:2.3.0]
	at play.api.mvc.Action$$anonfun$apply$1$$anonfun$apply$4$$anonfun$apply$5.apply(Action.scala:130) [play_2.11-2.3.0.jar:2.3.0]
	at play.api.mvc.Action$$anonfun$apply$1$$anonfun$apply$4$$anonfun$apply$5.apply(Action.scala:130) [play_2.11-2.3.0.jar:2.3.0]
	at play.utils.Threads$.withContextClassLoader(Threads.scala:21) [play_2.11-2.3.0.jar:2.3.0]
	at play.api.mvc.Action$$anonfun$apply$1$$anonfun$apply$4.apply(Action.scala:129) [play_2.11-2.3.0.jar:2.3.0]
	at play.api.mvc.Action$$anonfun$apply$1$$anonfun$apply$4.apply(Action.scala:128) [play_2.11-2.3.0.jar:2.3.0]
	at scala.Option.map(Option.scala:145) [scala-library-2.11.1.jar:na]
	at play.api.mvc.Action$$anonfun$apply$1.apply(Action.scala:128) [play_2.11-2.3.0.jar:2.3.0]
	at play.api.mvc.Action$$anonfun$apply$1.apply(Action.scala:121) [play_2.11-2.3.0.jar:2.3.0]
	at play.api.libs.iteratee.DoneIteratee$$anonfun$mapM$2.apply(Iteratee.scala:705) [play-iteratees_2.11-2.3.0.jar:2.3.0]
	at play.api.libs.iteratee.DoneIteratee$$anonfun$mapM$2.apply(Iteratee.scala:705) [play-iteratees_2.11-2.3.0.jar:2.3.0]
	at scala.concurrent.impl.Future$PromiseCompletingRunnable.liftedTree1$1(Future.scala:24) [scala-library-2.11.1.jar:na]
	at scala.concurrent.impl.Future$PromiseCompletingRunnable.run(Future.scala:24) [scala-library-2.11.1.jar:na]
	at akka.dispatch.TaskInvocation.run(AbstractDispatcher.scala:41) [akka-actor_2.11-2.3.3.jar:na]
	at akka.dispatch.ForkJoinExecutorConfigurator$AkkaForkJoinTask.exec(AbstractDispatcher.scala:393) [akka-actor_2.11-2.3.3.jar:na]
	at scala.concurrent.forkjoin.ForkJoinTask.doExec(ForkJoinTask.java:260) [scala-library-2.11.1.jar:na]
	at scala.concurrent.forkjoin.ForkJoinPool$WorkQueue.runTask(ForkJoinPool.java:1339) [scala-library-2.11.1.jar:na]
	at scala.concurrent.forkjoin.ForkJoinPool.runWorker(ForkJoinPool.java:1979) [scala-library-2.11.1.jar:na]
	at scala.concurrent.forkjoin.ForkJoinWorkerThread.run(ForkJoinWorkerThread.java:107) [scala-library-2.11.1.jar:na]

2015-10-06 05:18:06,605 - [DEBUG] - from application in play-akka.actor.default-dispatcher-15 
Unforseen error for js/ie-emulation-modes-warning.js at /public
java.lang.RuntimeException: no resource
	at controllers.Assets$$anonfun$controllers$Assets$$assetInfoFromResource$1$$anonfun$10.apply(Assets.scala:214) ~[play_2.11-2.3.0.jar:2.3.0]
	at controllers.Assets$$anonfun$controllers$Assets$$assetInfoFromResource$1$$anonfun$10.apply(Assets.scala:214) ~[play_2.11-2.3.0.jar:2.3.0]
	at scala.Option.getOrElse(Option.scala:120) [scala-library-2.11.1.jar:na]
	at controllers.Assets$$anonfun$controllers$Assets$$assetInfoFromResource$1.apply(Assets.scala:214) ~[play_2.11-2.3.0.jar:2.3.0]
	at controllers.Assets$$anonfun$controllers$Assets$$assetInfoFromResource$1.apply(Assets.scala:213) ~[play_2.11-2.3.0.jar:2.3.0]
	at akka.dispatch.MonitorableThreadFactory$AkkaForkJoinWorkerThread$$anon$3.block(ThreadPoolBuilder.scala:169) ~[akka-actor_2.11-2.3.3.jar:na]
	at scala.concurrent.forkjoin.ForkJoinPool.managedBlock(ForkJoinPool.java:3640) [scala-library-2.11.1.jar:na]
	at akka.dispatch.MonitorableThreadFactory$AkkaForkJoinWorkerThread.blockOn(ThreadPoolBuilder.scala:167) ~[akka-actor_2.11-2.3.3.jar:na]
	at scala.concurrent.package$.blocking(package.scala:54) ~[scala-library-2.11.1.jar:na]
	at controllers.Assets$.controllers$Assets$$assetInfoFromResource(Assets.scala:213) ~[play_2.11-2.3.0.jar:2.3.0]
	at controllers.Assets$.assetInfo(Assets.scala:222) ~[play_2.11-2.3.0.jar:2.3.0]
	at controllers.Assets$.assetInfoForRequest(Assets.scala:230) ~[play_2.11-2.3.0.jar:2.3.0]
	at controllers.AssetsBuilder$$anonfun$at$1$$anonfun$15.apply(Assets.scala:352) ~[play_2.11-2.3.0.jar:2.3.0]
	at controllers.AssetsBuilder$$anonfun$at$1$$anonfun$15.apply(Assets.scala:351) ~[play_2.11-2.3.0.jar:2.3.0]
	at scala.concurrent.Future$$anonfun$flatMap$1.apply(Future.scala:251) ~[scala-library-2.11.1.jar:na]
	at scala.concurrent.Future$$anonfun$flatMap$1.apply(Future.scala:249) ~[scala-library-2.11.1.jar:na]
	at scala.concurrent.impl.CallbackRunnable.run(Promise.scala:32) ~[scala-library-2.11.1.jar:na]
	at play.api.libs.iteratee.Execution$trampoline$.execute(Execution.scala:46) ~[play-iteratees_2.11-2.3.0.jar:2.3.0]
	at scala.concurrent.impl.CallbackRunnable.executeWithValue(Promise.scala:40) ~[scala-library-2.11.1.jar:na]
	at scala.concurrent.impl.Promise$DefaultPromise.scala$concurrent$impl$Promise$DefaultPromise$$dispatchOrAddCallback(Promise.scala:280) ~[scala-library-2.11.1.jar:na]
	at scala.concurrent.impl.Promise$DefaultPromise.onComplete(Promise.scala:270) ~[scala-library-2.11.1.jar:na]
	at scala.concurrent.Future$class.flatMap(Future.scala:249) ~[scala-library-2.11.1.jar:na]
	at scala.concurrent.impl.Promise$DefaultPromise.flatMap(Promise.scala:153) ~[scala-library-2.11.1.jar:na]
	at controllers.AssetsBuilder$$anonfun$at$1.apply(Assets.scala:351) [play_2.11-2.3.0.jar:2.3.0]
	at controllers.AssetsBuilder$$anonfun$at$1.apply(Assets.scala:347) [play_2.11-2.3.0.jar:2.3.0]
	at play.api.mvc.Action$.invokeBlock(Action.scala:556) [play_2.11-2.3.0.jar:2.3.0]
	at play.api.mvc.Action$.invokeBlock(Action.scala:555) [play_2.11-2.3.0.jar:2.3.0]
	at play.api.mvc.ActionBuilder$$anon$1.apply(Action.scala:518) [play_2.11-2.3.0.jar:2.3.0]
	at play.api.mvc.Action$$anonfun$apply$1$$anonfun$apply$4$$anonfun$apply$5.apply(Action.scala:130) [play_2.11-2.3.0.jar:2.3.0]
	at play.api.mvc.Action$$anonfun$apply$1$$anonfun$apply$4$$anonfun$apply$5.apply(Action.scala:130) [play_2.11-2.3.0.jar:2.3.0]
	at play.utils.Threads$.withContextClassLoader(Threads.scala:21) [play_2.11-2.3.0.jar:2.3.0]
	at play.api.mvc.Action$$anonfun$apply$1$$anonfun$apply$4.apply(Action.scala:129) [play_2.11-2.3.0.jar:2.3.0]
	at play.api.mvc.Action$$anonfun$apply$1$$anonfun$apply$4.apply(Action.scala:128) [play_2.11-2.3.0.jar:2.3.0]
	at scala.Option.map(Option.scala:145) [scala-library-2.11.1.jar:na]
	at play.api.mvc.Action$$anonfun$apply$1.apply(Action.scala:128) [play_2.11-2.3.0.jar:2.3.0]
	at play.api.mvc.Action$$anonfun$apply$1.apply(Action.scala:121) [play_2.11-2.3.0.jar:2.3.0]
	at play.api.libs.iteratee.DoneIteratee$$anonfun$mapM$2.apply(Iteratee.scala:705) [play-iteratees_2.11-2.3.0.jar:2.3.0]
	at play.api.libs.iteratee.DoneIteratee$$anonfun$mapM$2.apply(Iteratee.scala:705) [play-iteratees_2.11-2.3.0.jar:2.3.0]
	at scala.concurrent.impl.Future$PromiseCompletingRunnable.liftedTree1$1(Future.scala:24) [scala-library-2.11.1.jar:na]
	at scala.concurrent.impl.Future$PromiseCompletingRunnable.run(Future.scala:24) [scala-library-2.11.1.jar:na]
	at akka.dispatch.TaskInvocation.run(AbstractDispatcher.scala:41) [akka-actor_2.11-2.3.3.jar:na]
	at akka.dispatch.ForkJoinExecutorConfigurator$AkkaForkJoinTask.exec(AbstractDispatcher.scala:393) [akka-actor_2.11-2.3.3.jar:na]
	at scala.concurrent.forkjoin.ForkJoinTask.doExec(ForkJoinTask.java:260) [scala-library-2.11.1.jar:na]
	at scala.concurrent.forkjoin.ForkJoinPool$WorkQueue.runTask(ForkJoinPool.java:1339) [scala-library-2.11.1.jar:na]
	at scala.concurrent.forkjoin.ForkJoinPool.runWorker(ForkJoinPool.java:1979) [scala-library-2.11.1.jar:na]
	at scala.concurrent.forkjoin.ForkJoinWorkerThread.run(ForkJoinWorkerThread.java:107) [scala-library-2.11.1.jar:na]

2015-10-06 05:18:06,607 - [DEBUG] - from application in play-akka.actor.default-dispatcher-18 
Unforseen error for js/ie10-viewport-bug-workaround.js at /public
java.lang.RuntimeException: no resource
	at controllers.Assets$$anonfun$controllers$Assets$$assetInfoFromResource$1$$anonfun$10.apply(Assets.scala:214) ~[play_2.11-2.3.0.jar:2.3.0]
	at controllers.Assets$$anonfun$controllers$Assets$$assetInfoFromResource$1$$anonfun$10.apply(Assets.scala:214) ~[play_2.11-2.3.0.jar:2.3.0]
	at scala.Option.getOrElse(Option.scala:120) [scala-library-2.11.1.jar:na]
	at controllers.Assets$$anonfun$controllers$Assets$$assetInfoFromResource$1.apply(Assets.scala:214) ~[play_2.11-2.3.0.jar:2.3.0]
	at controllers.Assets$$anonfun$controllers$Assets$$assetInfoFromResource$1.apply(Assets.scala:213) ~[play_2.11-2.3.0.jar:2.3.0]
	at akka.dispatch.MonitorableThreadFactory$AkkaForkJoinWorkerThread$$anon$3.block(ThreadPoolBuilder.scala:169) ~[akka-actor_2.11-2.3.3.jar:na]
	at scala.concurrent.forkjoin.ForkJoinPool.managedBlock(ForkJoinPool.java:3640) [scala-library-2.11.1.jar:na]
	at akka.dispatch.MonitorableThreadFactory$AkkaForkJoinWorkerThread.blockOn(ThreadPoolBuilder.scala:167) ~[akka-actor_2.11-2.3.3.jar:na]
	at scala.concurrent.package$.blocking(package.scala:54) ~[scala-library-2.11.1.jar:na]
	at controllers.Assets$.controllers$Assets$$assetInfoFromResource(Assets.scala:213) ~[play_2.11-2.3.0.jar:2.3.0]
	at controllers.Assets$.assetInfo(Assets.scala:222) ~[play_2.11-2.3.0.jar:2.3.0]
	at controllers.Assets$.assetInfoForRequest(Assets.scala:230) ~[play_2.11-2.3.0.jar:2.3.0]
	at controllers.AssetsBuilder$$anonfun$at$1$$anonfun$15.apply(Assets.scala:352) ~[play_2.11-2.3.0.jar:2.3.0]
	at controllers.AssetsBuilder$$anonfun$at$1$$anonfun$15.apply(Assets.scala:351) ~[play_2.11-2.3.0.jar:2.3.0]
	at scala.concurrent.Future$$anonfun$flatMap$1.apply(Future.scala:251) ~[scala-library-2.11.1.jar:na]
	at scala.concurrent.Future$$anonfun$flatMap$1.apply(Future.scala:249) ~[scala-library-2.11.1.jar:na]
	at scala.concurrent.impl.CallbackRunnable.run(Promise.scala:32) ~[scala-library-2.11.1.jar:na]
	at play.api.libs.iteratee.Execution$trampoline$.execute(Execution.scala:46) ~[play-iteratees_2.11-2.3.0.jar:2.3.0]
	at scala.concurrent.impl.CallbackRunnable.executeWithValue(Promise.scala:40) ~[scala-library-2.11.1.jar:na]
	at scala.concurrent.impl.Promise$DefaultPromise.scala$concurrent$impl$Promise$DefaultPromise$$dispatchOrAddCallback(Promise.scala:280) ~[scala-library-2.11.1.jar:na]
	at scala.concurrent.impl.Promise$DefaultPromise.onComplete(Promise.scala:270) ~[scala-library-2.11.1.jar:na]
	at scala.concurrent.Future$class.flatMap(Future.scala:249) ~[scala-library-2.11.1.jar:na]
	at scala.concurrent.impl.Promise$DefaultPromise.flatMap(Promise.scala:153) ~[scala-library-2.11.1.jar:na]
	at controllers.AssetsBuilder$$anonfun$at$1.apply(Assets.scala:351) [play_2.11-2.3.0.jar:2.3.0]
	at controllers.AssetsBuilder$$anonfun$at$1.apply(Assets.scala:347) [play_2.11-2.3.0.jar:2.3.0]
	at play.api.mvc.Action$.invokeBlock(Action.scala:556) [play_2.11-2.3.0.jar:2.3.0]
	at play.api.mvc.Action$.invokeBlock(Action.scala:555) [play_2.11-2.3.0.jar:2.3.0]
	at play.api.mvc.ActionBuilder$$anon$1.apply(Action.scala:518) [play_2.11-2.3.0.jar:2.3.0]
	at play.api.mvc.Action$$anonfun$apply$1$$anonfun$apply$4$$anonfun$apply$5.apply(Action.scala:130) [play_2.11-2.3.0.jar:2.3.0]
	at play.api.mvc.Action$$anonfun$apply$1$$anonfun$apply$4$$anonfun$apply$5.apply(Action.scala:130) [play_2.11-2.3.0.jar:2.3.0]
	at play.utils.Threads$.withContextClassLoader(Threads.scala:21) [play_2.11-2.3.0.jar:2.3.0]
	at play.api.mvc.Action$$anonfun$apply$1$$anonfun$apply$4.apply(Action.scala:129) [play_2.11-2.3.0.jar:2.3.0]
	at play.api.mvc.Action$$anonfun$apply$1$$anonfun$apply$4.apply(Action.scala:128) [play_2.11-2.3.0.jar:2.3.0]
	at scala.Option.map(Option.scala:145) [scala-library-2.11.1.jar:na]
	at play.api.mvc.Action$$anonfun$apply$1.apply(Action.scala:128) [play_2.11-2.3.0.jar:2.3.0]
	at play.api.mvc.Action$$anonfun$apply$1.apply(Action.scala:121) [play_2.11-2.3.0.jar:2.3.0]
	at play.api.libs.iteratee.DoneIteratee$$anonfun$mapM$2.apply(Iteratee.scala:705) [play-iteratees_2.11-2.3.0.jar:2.3.0]
	at play.api.libs.iteratee.DoneIteratee$$anonfun$mapM$2.apply(Iteratee.scala:705) [play-iteratees_2.11-2.3.0.jar:2.3.0]
	at scala.concurrent.impl.Future$PromiseCompletingRunnable.liftedTree1$1(Future.scala:24) [scala-library-2.11.1.jar:na]
	at scala.concurrent.impl.Future$PromiseCompletingRunnable.run(Future.scala:24) [scala-library-2.11.1.jar:na]
	at akka.dispatch.TaskInvocation.run(AbstractDispatcher.scala:41) [akka-actor_2.11-2.3.3.jar:na]
	at akka.dispatch.ForkJoinExecutorConfigurator$AkkaForkJoinTask.exec(AbstractDispatcher.scala:393) [akka-actor_2.11-2.3.3.jar:na]
	at scala.concurrent.forkjoin.ForkJoinTask.doExec(ForkJoinTask.java:260) [scala-library-2.11.1.jar:na]
	at scala.concurrent.forkjoin.ForkJoinPool$WorkQueue.runTask(ForkJoinPool.java:1339) [scala-library-2.11.1.jar:na]
	at scala.concurrent.forkjoin.ForkJoinPool.runWorker(ForkJoinPool.java:1979) [scala-library-2.11.1.jar:na]
	at scala.concurrent.forkjoin.ForkJoinWorkerThread.run(ForkJoinWorkerThread.java:107) [scala-library-2.11.1.jar:na]

2015-10-06 05:18:11,285 - [DEBUG] - from application in play-akka.actor.default-dispatcher-15 
Unforseen error for js/ie10-viewport-bug-workaround.js at /public
java.lang.RuntimeException: no resource
	at controllers.Assets$$anonfun$controllers$Assets$$assetInfoFromResource$1$$anonfun$10.apply(Assets.scala:214) ~[play_2.11-2.3.0.jar:2.3.0]
	at controllers.Assets$$anonfun$controllers$Assets$$assetInfoFromResource$1$$anonfun$10.apply(Assets.scala:214) ~[play_2.11-2.3.0.jar:2.3.0]
	at scala.Option.getOrElse(Option.scala:120) [scala-library-2.11.1.jar:na]
	at controllers.Assets$$anonfun$controllers$Assets$$assetInfoFromResource$1.apply(Assets.scala:214) ~[play_2.11-2.3.0.jar:2.3.0]
	at controllers.Assets$$anonfun$controllers$Assets$$assetInfoFromResource$1.apply(Assets.scala:213) ~[play_2.11-2.3.0.jar:2.3.0]
	at akka.dispatch.MonitorableThreadFactory$AkkaForkJoinWorkerThread$$anon$3.block(ThreadPoolBuilder.scala:169) ~[akka-actor_2.11-2.3.3.jar:na]
	at scala.concurrent.forkjoin.ForkJoinPool.managedBlock(ForkJoinPool.java:3640) [scala-library-2.11.1.jar:na]
	at akka.dispatch.MonitorableThreadFactory$AkkaForkJoinWorkerThread.blockOn(ThreadPoolBuilder.scala:167) ~[akka-actor_2.11-2.3.3.jar:na]
	at scala.concurrent.package$.blocking(package.scala:54) ~[scala-library-2.11.1.jar:na]
	at controllers.Assets$.controllers$Assets$$assetInfoFromResource(Assets.scala:213) ~[play_2.11-2.3.0.jar:2.3.0]
	at controllers.Assets$.assetInfo(Assets.scala:222) ~[play_2.11-2.3.0.jar:2.3.0]
	at controllers.Assets$.assetInfoForRequest(Assets.scala:230) ~[play_2.11-2.3.0.jar:2.3.0]
	at controllers.AssetsBuilder$$anonfun$at$1$$anonfun$15.apply(Assets.scala:352) ~[play_2.11-2.3.0.jar:2.3.0]
	at controllers.AssetsBuilder$$anonfun$at$1$$anonfun$15.apply(Assets.scala:351) ~[play_2.11-2.3.0.jar:2.3.0]
	at scala.concurrent.Future$$anonfun$flatMap$1.apply(Future.scala:251) ~[scala-library-2.11.1.jar:na]
	at scala.concurrent.Future$$anonfun$flatMap$1.apply(Future.scala:249) ~[scala-library-2.11.1.jar:na]
	at scala.concurrent.impl.CallbackRunnable.run(Promise.scala:32) ~[scala-library-2.11.1.jar:na]
	at play.api.libs.iteratee.Execution$trampoline$.execute(Execution.scala:46) ~[play-iteratees_2.11-2.3.0.jar:2.3.0]
	at scala.concurrent.impl.CallbackRunnable.executeWithValue(Promise.scala:40) ~[scala-library-2.11.1.jar:na]
	at scala.concurrent.impl.Promise$DefaultPromise.scala$concurrent$impl$Promise$DefaultPromise$$dispatchOrAddCallback(Promise.scala:280) ~[scala-library-2.11.1.jar:na]
	at scala.concurrent.impl.Promise$DefaultPromise.onComplete(Promise.scala:270) ~[scala-library-2.11.1.jar:na]
	at scala.concurrent.Future$class.flatMap(Future.scala:249) ~[scala-library-2.11.1.jar:na]
	at scala.concurrent.impl.Promise$DefaultPromise.flatMap(Promise.scala:153) ~[scala-library-2.11.1.jar:na]
	at controllers.AssetsBuilder$$anonfun$at$1.apply(Assets.scala:351) [play_2.11-2.3.0.jar:2.3.0]
	at controllers.AssetsBuilder$$anonfun$at$1.apply(Assets.scala:347) [play_2.11-2.3.0.jar:2.3.0]
	at play.api.mvc.Action$.invokeBlock(Action.scala:556) [play_2.11-2.3.0.jar:2.3.0]
	at play.api.mvc.Action$.invokeBlock(Action.scala:555) [play_2.11-2.3.0.jar:2.3.0]
	at play.api.mvc.ActionBuilder$$anon$1.apply(Action.scala:518) [play_2.11-2.3.0.jar:2.3.0]
	at play.api.mvc.Action$$anonfun$apply$1$$anonfun$apply$4$$anonfun$apply$5.apply(Action.scala:130) [play_2.11-2.3.0.jar:2.3.0]
	at play.api.mvc.Action$$anonfun$apply$1$$anonfun$apply$4$$anonfun$apply$5.apply(Action.scala:130) [play_2.11-2.3.0.jar:2.3.0]
	at play.utils.Threads$.withContextClassLoader(Threads.scala:21) [play_2.11-2.3.0.jar:2.3.0]
	at play.api.mvc.Action$$anonfun$apply$1$$anonfun$apply$4.apply(Action.scala:129) [play_2.11-2.3.0.jar:2.3.0]
	at play.api.mvc.Action$$anonfun$apply$1$$anonfun$apply$4.apply(Action.scala:128) [play_2.11-2.3.0.jar:2.3.0]
	at scala.Option.map(Option.scala:145) [scala-library-2.11.1.jar:na]
	at play.api.mvc.Action$$anonfun$apply$1.apply(Action.scala:128) [play_2.11-2.3.0.jar:2.3.0]
	at play.api.mvc.Action$$anonfun$apply$1.apply(Action.scala:121) [play_2.11-2.3.0.jar:2.3.0]
	at play.api.libs.iteratee.DoneIteratee$$anonfun$mapM$2.apply(Iteratee.scala:705) [play-iteratees_2.11-2.3.0.jar:2.3.0]
	at play.api.libs.iteratee.DoneIteratee$$anonfun$mapM$2.apply(Iteratee.scala:705) [play-iteratees_2.11-2.3.0.jar:2.3.0]
	at scala.concurrent.impl.Future$PromiseCompletingRunnable.liftedTree1$1(Future.scala:24) [scala-library-2.11.1.jar:na]
	at scala.concurrent.impl.Future$PromiseCompletingRunnable.run(Future.scala:24) [scala-library-2.11.1.jar:na]
	at akka.dispatch.TaskInvocation.run(AbstractDispatcher.scala:41) [akka-actor_2.11-2.3.3.jar:na]
	at akka.dispatch.ForkJoinExecutorConfigurator$AkkaForkJoinTask.exec(AbstractDispatcher.scala:393) [akka-actor_2.11-2.3.3.jar:na]
	at scala.concurrent.forkjoin.ForkJoinTask.doExec(ForkJoinTask.java:260) [scala-library-2.11.1.jar:na]
	at scala.concurrent.forkjoin.ForkJoinPool$WorkQueue.runTask(ForkJoinPool.java:1339) [scala-library-2.11.1.jar:na]
	at scala.concurrent.forkjoin.ForkJoinPool.runWorker(ForkJoinPool.java:1979) [scala-library-2.11.1.jar:na]
	at scala.concurrent.forkjoin.ForkJoinWorkerThread.run(ForkJoinWorkerThread.java:107) [scala-library-2.11.1.jar:na]

2015-10-06 05:18:17,920 - [DEBUG] - from application in play-akka.actor.default-dispatcher-20 
Unforseen error for js/ie10-viewport-bug-workaround.js at /public
java.lang.RuntimeException: no resource
	at controllers.Assets$$anonfun$controllers$Assets$$assetInfoFromResource$1$$anonfun$10.apply(Assets.scala:214) ~[play_2.11-2.3.0.jar:2.3.0]
	at controllers.Assets$$anonfun$controllers$Assets$$assetInfoFromResource$1$$anonfun$10.apply(Assets.scala:214) ~[play_2.11-2.3.0.jar:2.3.0]
	at scala.Option.getOrElse(Option.scala:120) [scala-library-2.11.1.jar:na]
	at controllers.Assets$$anonfun$controllers$Assets$$assetInfoFromResource$1.apply(Assets.scala:214) ~[play_2.11-2.3.0.jar:2.3.0]
	at controllers.Assets$$anonfun$controllers$Assets$$assetInfoFromResource$1.apply(Assets.scala:213) ~[play_2.11-2.3.0.jar:2.3.0]
	at akka.dispatch.MonitorableThreadFactory$AkkaForkJoinWorkerThread$$anon$3.block(ThreadPoolBuilder.scala:169) ~[akka-actor_2.11-2.3.3.jar:na]
	at scala.concurrent.forkjoin.ForkJoinPool.managedBlock(ForkJoinPool.java:3640) [scala-library-2.11.1.jar:na]
	at akka.dispatch.MonitorableThreadFactory$AkkaForkJoinWorkerThread.blockOn(ThreadPoolBuilder.scala:167) ~[akka-actor_2.11-2.3.3.jar:na]
	at scala.concurrent.package$.blocking(package.scala:54) ~[scala-library-2.11.1.jar:na]
	at controllers.Assets$.controllers$Assets$$assetInfoFromResource(Assets.scala:213) ~[play_2.11-2.3.0.jar:2.3.0]
	at controllers.Assets$.assetInfo(Assets.scala:222) ~[play_2.11-2.3.0.jar:2.3.0]
	at controllers.Assets$.assetInfoForRequest(Assets.scala:230) ~[play_2.11-2.3.0.jar:2.3.0]
	at controllers.AssetsBuilder$$anonfun$at$1$$anonfun$15.apply(Assets.scala:352) ~[play_2.11-2.3.0.jar:2.3.0]
	at controllers.AssetsBuilder$$anonfun$at$1$$anonfun$15.apply(Assets.scala:351) ~[play_2.11-2.3.0.jar:2.3.0]
	at scala.concurrent.Future$$anonfun$flatMap$1.apply(Future.scala:251) ~[scala-library-2.11.1.jar:na]
	at scala.concurrent.Future$$anonfun$flatMap$1.apply(Future.scala:249) ~[scala-library-2.11.1.jar:na]
	at scala.concurrent.impl.CallbackRunnable.run(Promise.scala:32) ~[scala-library-2.11.1.jar:na]
	at play.api.libs.iteratee.Execution$trampoline$.execute(Execution.scala:46) ~[play-iteratees_2.11-2.3.0.jar:2.3.0]
	at scala.concurrent.impl.CallbackRunnable.executeWithValue(Promise.scala:40) ~[scala-library-2.11.1.jar:na]
	at scala.concurrent.impl.Promise$DefaultPromise.scala$concurrent$impl$Promise$DefaultPromise$$dispatchOrAddCallback(Promise.scala:280) ~[scala-library-2.11.1.jar:na]
	at scala.concurrent.impl.Promise$DefaultPromise.onComplete(Promise.scala:270) ~[scala-library-2.11.1.jar:na]
	at scala.concurrent.Future$class.flatMap(Future.scala:249) ~[scala-library-2.11.1.jar:na]
	at scala.concurrent.impl.Promise$DefaultPromise.flatMap(Promise.scala:153) ~[scala-library-2.11.1.jar:na]
	at controllers.AssetsBuilder$$anonfun$at$1.apply(Assets.scala:351) [play_2.11-2.3.0.jar:2.3.0]
	at controllers.AssetsBuilder$$anonfun$at$1.apply(Assets.scala:347) [play_2.11-2.3.0.jar:2.3.0]
	at play.api.mvc.Action$.invokeBlock(Action.scala:556) [play_2.11-2.3.0.jar:2.3.0]
	at play.api.mvc.Action$.invokeBlock(Action.scala:555) [play_2.11-2.3.0.jar:2.3.0]
	at play.api.mvc.ActionBuilder$$anon$1.apply(Action.scala:518) [play_2.11-2.3.0.jar:2.3.0]
	at play.api.mvc.Action$$anonfun$apply$1$$anonfun$apply$4$$anonfun$apply$5.apply(Action.scala:130) [play_2.11-2.3.0.jar:2.3.0]
	at play.api.mvc.Action$$anonfun$apply$1$$anonfun$apply$4$$anonfun$apply$5.apply(Action.scala:130) [play_2.11-2.3.0.jar:2.3.0]
	at play.utils.Threads$.withContextClassLoader(Threads.scala:21) [play_2.11-2.3.0.jar:2.3.0]
	at play.api.mvc.Action$$anonfun$apply$1$$anonfun$apply$4.apply(Action.scala:129) [play_2.11-2.3.0.jar:2.3.0]
	at play.api.mvc.Action$$anonfun$apply$1$$anonfun$apply$4.apply(Action.scala:128) [play_2.11-2.3.0.jar:2.3.0]
	at scala.Option.map(Option.scala:145) [scala-library-2.11.1.jar:na]
	at play.api.mvc.Action$$anonfun$apply$1.apply(Action.scala:128) [play_2.11-2.3.0.jar:2.3.0]
	at play.api.mvc.Action$$anonfun$apply$1.apply(Action.scala:121) [play_2.11-2.3.0.jar:2.3.0]
	at play.api.libs.iteratee.DoneIteratee$$anonfun$mapM$2.apply(Iteratee.scala:705) [play-iteratees_2.11-2.3.0.jar:2.3.0]
	at play.api.libs.iteratee.DoneIteratee$$anonfun$mapM$2.apply(Iteratee.scala:705) [play-iteratees_2.11-2.3.0.jar:2.3.0]
	at scala.concurrent.impl.Future$PromiseCompletingRunnable.liftedTree1$1(Future.scala:24) [scala-library-2.11.1.jar:na]
	at scala.concurrent.impl.Future$PromiseCompletingRunnable.run(Future.scala:24) [scala-library-2.11.1.jar:na]
	at akka.dispatch.TaskInvocation.run(AbstractDispatcher.scala:41) [akka-actor_2.11-2.3.3.jar:na]
	at akka.dispatch.ForkJoinExecutorConfigurator$AkkaForkJoinTask.exec(AbstractDispatcher.scala:393) [akka-actor_2.11-2.3.3.jar:na]
	at scala.concurrent.forkjoin.ForkJoinTask.doExec(ForkJoinTask.java:260) [scala-library-2.11.1.jar:na]
	at scala.concurrent.forkjoin.ForkJoinPool$WorkQueue.runTask(ForkJoinPool.java:1339) [scala-library-2.11.1.jar:na]
	at scala.concurrent.forkjoin.ForkJoinPool.runWorker(ForkJoinPool.java:1979) [scala-library-2.11.1.jar:na]
	at scala.concurrent.forkjoin.ForkJoinWorkerThread.run(ForkJoinWorkerThread.java:107) [scala-library-2.11.1.jar:na]

